2024-02-17 05:11:25+0100 [-] Loading buildbot.tac...
2024-02-17 05:11:25+0100 [-] Loaded.
2024-02-17 05:11:25+0100 [-] twistd 23.10.0 (/home/mrx/Desktop/EXAMPLE2/source/bin/python3 3.11.2) starting up.
2024-02-17 05:11:25+0100 [-] reactor class: twisted.internet.epollreactor.EPollReactor.
2024-02-17 05:11:25+0100 [-] Starting Worker -- version: 3.11.0
2024-02-17 05:11:25+0100 [-] recording hostname in twistd.hostname
2024-02-17 05:11:25+0100 [-] Starting factory <buildbot_worker.pb.BotFactory object at 0x7fb954546010>
2024-02-17 05:11:25+0100 [Broker,client] message from master: attached
2024-02-17 05:11:25+0100 [Broker,client] message from master: attached
2024-02-17 05:11:25+0100 [Broker,client] Connected to buildmaster; worker is ready
2024-02-17 05:11:25+0100 [Broker,client] sending application-level keepalives every 600 seconds
2024-02-17 05:11:51+0100 [-] Received SIGTERM, shutting down.
2024-02-17 05:11:51+0100 [-] Stopping factory <buildbot_worker.pb.BotFactory object at 0x7fb954546010>
2024-02-17 05:11:51+0100 [-] Main loop terminated.
2024-02-17 05:11:51+0100 [-] Server Shut Down.
2024-02-17 07:22:20+0100 [-] Loading buildbot.tac...
2024-02-17 07:22:20+0100 [-] Loaded.
2024-02-17 07:22:20+0100 [-] twistd 23.10.0 (/home/mrx/Desktop/EXAMPLE2/source/bin/python3 3.11.2) starting up.
2024-02-17 07:22:20+0100 [-] reactor class: twisted.internet.epollreactor.EPollReactor.
2024-02-17 07:22:20+0100 [-] Starting Worker -- version: 3.11.0
2024-02-17 07:22:20+0100 [-] recording hostname in twistd.hostname
2024-02-17 07:22:20+0100 [-] Starting factory <buildbot_worker.pb.BotFactory object at 0x7f11baad9590>
2024-02-17 07:22:20+0100 [Broker,client] message from master: attached
2024-02-17 07:22:20+0100 [Broker,client] message from master: attached
2024-02-17 07:22:20+0100 [Broker,client] Connected to buildmaster; worker is ready
2024-02-17 07:22:20+0100 [Broker,client] sending application-level keepalives every 600 seconds
2024-02-17 07:22:39+0100 [-] Received SIGTERM, shutting down.
2024-02-17 07:22:39+0100 [-] Stopping factory <buildbot_worker.pb.BotFactory object at 0x7f11baad9590>
2024-02-17 07:22:39+0100 [-] Main loop terminated.
2024-02-17 07:22:39+0100 [-] Server Shut Down.
