2024-02-17 05:11:25+0100 [-] Loading buildbot.tac...
2024-02-17 05:11:25+0100 [-] Loaded.
2024-02-17 05:11:25+0100 [-] twistd 23.10.0 (/home/mrx/Desktop/EXAMPLE2/source/bin/python3 3.11.2) starting up.
2024-02-17 05:11:25+0100 [-] reactor class: twisted.internet.epollreactor.EPollReactor.
2024-02-17 05:11:25+0100 [-] Starting Worker -- version: 3.11.0
2024-02-17 05:11:25+0100 [-] recording hostname in twistd.hostname
2024-02-17 05:11:25+0100 [-] Starting factory <buildbot_worker.pb.BotFactory object at 0x7fb954546010>
2024-02-17 05:11:25+0100 [Broker,client] message from master: attached
2024-02-17 05:11:25+0100 [Broker,client] message from master: attached
2024-02-17 05:11:25+0100 [Broker,client] Connected to buildmaster; worker is ready
2024-02-17 05:11:25+0100 [Broker,client] sending application-level keepalives every 600 seconds
2024-02-17 05:11:51+0100 [-] Received SIGTERM, shutting down.
2024-02-17 05:11:51+0100 [-] Stopping factory <buildbot_worker.pb.BotFactory object at 0x7fb954546010>
2024-02-17 05:11:51+0100 [-] Main loop terminated.
2024-02-17 05:11:51+0100 [-] Server Shut Down.
2024-02-17 07:22:20+0100 [-] Loading buildbot.tac...
2024-02-17 07:22:20+0100 [-] Loaded.
2024-02-17 07:22:20+0100 [-] twistd 23.10.0 (/home/mrx/Desktop/EXAMPLE2/source/bin/python3 3.11.2) starting up.
2024-02-17 07:22:20+0100 [-] reactor class: twisted.internet.epollreactor.EPollReactor.
2024-02-17 07:22:20+0100 [-] Starting Worker -- version: 3.11.0
2024-02-17 07:22:20+0100 [-] recording hostname in twistd.hostname
2024-02-17 07:22:20+0100 [-] Starting factory <buildbot_worker.pb.BotFactory object at 0x7f11baad9590>
2024-02-17 07:22:20+0100 [Broker,client] message from master: attached
2024-02-17 07:22:20+0100 [Broker,client] message from master: attached
2024-02-17 07:22:20+0100 [Broker,client] Connected to buildmaster; worker is ready
2024-02-17 07:22:20+0100 [Broker,client] sending application-level keepalives every 600 seconds
2024-02-17 07:22:39+0100 [-] Received SIGTERM, shutting down.
2024-02-17 07:22:39+0100 [-] Stopping factory <buildbot_worker.pb.BotFactory object at 0x7f11baad9590>
2024-02-17 07:22:39+0100 [-] Main loop terminated.
2024-02-17 07:22:39+0100 [-] Server Shut Down.
2024-02-17 08:00:47+0100 [-] Loading buildbot.tac...
2024-02-17 08:00:47+0100 [-] Loaded.
2024-02-17 08:00:47+0100 [-] twistd 23.10.0 (/home/mrx/Desktop/EXAMPLE2/source/bin/python3 3.11.2) starting up.
2024-02-17 08:00:47+0100 [-] reactor class: twisted.internet.epollreactor.EPollReactor.
2024-02-17 08:00:47+0100 [-] Starting Worker -- version: 3.11.0
2024-02-17 08:00:47+0100 [-] recording hostname in twistd.hostname
2024-02-17 08:00:47+0100 [-] Starting factory <buildbot_worker.pb.BotFactory object at 0x7fc9b1dbea50>
2024-02-17 08:00:47+0100 [Broker,client] message from master: attached
2024-02-17 08:00:47+0100 [Broker,client] message from master: attached
2024-02-17 08:00:47+0100 [Broker,client] Connected to buildmaster; worker is ready
2024-02-17 08:00:47+0100 [Broker,client] sending application-level keepalives every 600 seconds
2024-02-17 08:10:46+0100 [-] Removing stale pidfile /home/mrx/Desktop/HACKUDC/hackudc-ci/buildbot-ci/worker/twistd.pid
2024-02-17 08:10:46+0100 [-] Loading buildbot.tac...
2024-02-17 08:10:46+0100 [-] Loaded.
2024-02-17 08:10:46+0100 [-] twistd 23.10.0 (/home/mrx/Desktop/EXAMPLE2/source/bin/python3 3.11.2) starting up.
2024-02-17 08:10:46+0100 [-] reactor class: twisted.internet.epollreactor.EPollReactor.
2024-02-17 08:10:46+0100 [-] Starting Worker -- version: 3.11.0
2024-02-17 08:10:46+0100 [-] recording hostname in twistd.hostname
2024-02-17 08:10:46+0100 [-] Starting factory <buildbot_worker.pb.BotFactory object at 0x7f8ea699d090>
2024-02-17 08:10:46+0100 [Broker,client] message from master: attached
2024-02-17 08:10:46+0100 [Broker,client] message from master: attached
2024-02-17 08:10:46+0100 [Broker,client] Connected to buildmaster; worker is ready
2024-02-17 08:10:46+0100 [Broker,client] sending application-level keepalives every 600 seconds
2024-02-17 08:20:46+0100 [-] sending app-level keepalive
2024-02-17 08:20:46+0100 [Broker,client] Master replied to keepalive, everything's fine
2024-02-17 08:30:46+0100 [-] sending app-level keepalive
2024-02-17 08:30:46+0100 [Broker,client] Master replied to keepalive, everything's fine
2024-02-17 08:52:04+0100 [-] sending app-level keepalive
2024-02-17 08:52:04+0100 [Broker,client] Master replied to keepalive, everything's fine
2024-02-17 08:59:27+0100 [-] Scheduling retry 1 to connect <twisted.internet.endpoints.TCP4ClientEndpoint object at 0x7f8ea6accfd0> in 2.3560342737131457 seconds.
2024-02-17 08:59:27+0100 [-] Stopping factory <buildbot_worker.pb.BotFactory object at 0x7f8ea699d090>
2024-02-17 08:59:30+0100 [-] Starting factory <buildbot_worker.pb.BotFactory object at 0x7f8ea699d090>
2024-02-17 08:59:30+0100 [-] Scheduling retry 2 to connect <twisted.internet.endpoints.TCP4ClientEndpoint object at 0x7f8ea6accfd0> in 2.7607595058273597 seconds.
2024-02-17 08:59:30+0100 [-] Stopping factory <buildbot_worker.pb.BotFactory object at 0x7f8ea699d090>
2024-02-17 08:59:33+0100 [-] Starting factory <buildbot_worker.pb.BotFactory object at 0x7f8ea699d090>
2024-02-17 08:59:33+0100 [-] Scheduling retry 3 to connect <twisted.internet.endpoints.TCP4ClientEndpoint object at 0x7f8ea6accfd0> in 4.319776211708543 seconds.
2024-02-17 08:59:33+0100 [-] Stopping factory <buildbot_worker.pb.BotFactory object at 0x7f8ea699d090>
2024-02-17 08:59:37+0100 [-] Starting factory <buildbot_worker.pb.BotFactory object at 0x7f8ea699d090>
2024-02-17 08:59:37+0100 [Broker,client] message from master: attached
2024-02-17 08:59:37+0100 [Broker,client] message from master: attached
2024-02-17 08:59:37+0100 [Broker,client] Connected to buildmaster; worker is ready
2024-02-17 08:59:37+0100 [Broker,client] sending application-level keepalives every 600 seconds
2024-02-17 08:59:38+0100 [-] Scheduling retry 1 to connect <twisted.internet.endpoints.TCP4ClientEndpoint object at 0x7f8ea6accfd0> in 2.40309895559693 seconds.
2024-02-17 08:59:38+0100 [-] Stopping factory <buildbot_worker.pb.BotFactory object at 0x7f8ea699d090>
2024-02-17 08:59:40+0100 [-] Starting factory <buildbot_worker.pb.BotFactory object at 0x7f8ea699d090>
2024-02-17 08:59:40+0100 [-] Scheduling retry 2 to connect <twisted.internet.endpoints.TCP4ClientEndpoint object at 0x7f8ea6accfd0> in 3.172001479447344 seconds.
2024-02-17 08:59:40+0100 [-] Stopping factory <buildbot_worker.pb.BotFactory object at 0x7f8ea699d090>
2024-02-17 08:59:44+0100 [-] Starting factory <buildbot_worker.pb.BotFactory object at 0x7f8ea699d090>
2024-02-17 08:59:44+0100 [-] Scheduling retry 3 to connect <twisted.internet.endpoints.TCP4ClientEndpoint object at 0x7f8ea6accfd0> in 3.8841075091271766 seconds.
2024-02-17 08:59:44+0100 [-] Stopping factory <buildbot_worker.pb.BotFactory object at 0x7f8ea699d090>
2024-02-17 08:59:47+0100 [-] Starting factory <buildbot_worker.pb.BotFactory object at 0x7f8ea699d090>
2024-02-17 08:59:47+0100 [-] Scheduling retry 4 to connect <twisted.internet.endpoints.TCP4ClientEndpoint object at 0x7f8ea6accfd0> in 5.245900113525286 seconds.
2024-02-17 08:59:47+0100 [-] Stopping factory <buildbot_worker.pb.BotFactory object at 0x7f8ea699d090>
2024-02-17 08:59:53+0100 [-] Starting factory <buildbot_worker.pb.BotFactory object at 0x7f8ea699d090>
2024-02-17 08:59:53+0100 [-] Scheduling retry 5 to connect <twisted.internet.endpoints.TCP4ClientEndpoint object at 0x7f8ea6accfd0> in 8.443442662976931 seconds.
2024-02-17 08:59:53+0100 [-] Stopping factory <buildbot_worker.pb.BotFactory object at 0x7f8ea699d090>
2024-02-17 09:00:01+0100 [-] Starting factory <buildbot_worker.pb.BotFactory object at 0x7f8ea699d090>
2024-02-17 09:00:01+0100 [-] Scheduling retry 6 to connect <twisted.internet.endpoints.TCP4ClientEndpoint object at 0x7f8ea6accfd0> in 11.97567125842356 seconds.
2024-02-17 09:00:01+0100 [-] Stopping factory <buildbot_worker.pb.BotFactory object at 0x7f8ea699d090>
2024-02-17 09:00:13+0100 [-] Starting factory <buildbot_worker.pb.BotFactory object at 0x7f8ea699d090>
2024-02-17 09:00:13+0100 [-] Scheduling retry 7 to connect <twisted.internet.endpoints.TCP4ClientEndpoint object at 0x7f8ea6accfd0> in 17.14196265078171 seconds.
2024-02-17 09:00:13+0100 [-] Stopping factory <buildbot_worker.pb.BotFactory object at 0x7f8ea699d090>
2024-02-17 09:00:30+0100 [-] Starting factory <buildbot_worker.pb.BotFactory object at 0x7f8ea699d090>
2024-02-17 09:00:30+0100 [Broker,client] message from master: attached
2024-02-17 09:00:30+0100 [Broker,client] message from master: attached
2024-02-17 09:00:30+0100 [Broker,client] Connected to buildmaster; worker is ready
2024-02-17 09:00:30+0100 [Broker,client] sending application-level keepalives every 600 seconds
2024-02-17 09:03:58+0100 [-] Removing stale pidfile /home/mrx/Desktop/HACKUDC/hackudc-ci/buildbot-ci/worker/twistd.pid
2024-02-17 09:03:58+0100 [-] Loading buildbot.tac...
2024-02-17 09:03:58+0100 [-] Loaded.
2024-02-17 09:03:58+0100 [-] twistd 23.10.0 (/home/mrx/Desktop/EXAMPLE2/source/bin/python3 3.11.2) starting up.
2024-02-17 09:03:58+0100 [-] reactor class: twisted.internet.epollreactor.EPollReactor.
2024-02-17 09:03:58+0100 [-] Starting Worker -- version: 3.11.0
2024-02-17 09:03:58+0100 [-] recording hostname in twistd.hostname
2024-02-17 09:03:58+0100 [-] Starting factory <buildbot_worker.pb.BotFactory object at 0x7f9764726610>
2024-02-17 09:03:58+0100 [Broker,client] message from master: attached
2024-02-17 09:03:59+0100 [Broker,client] message from master: attached
2024-02-17 09:03:59+0100 [Broker,client] Connected to buildmaster; worker is ready
2024-02-17 09:03:59+0100 [Broker,client] sending application-level keepalives every 600 seconds
2024-02-17 09:13:59+0100 [-] sending app-level keepalive
2024-02-17 09:13:59+0100 [Broker,client] Master replied to keepalive, everything's fine
2024-02-17 09:23:59+0100 [-] sending app-level keepalive
2024-02-17 09:23:59+0100 [Broker,client] Master replied to keepalive, everything's fine
2024-02-17 09:25:07+0100 [-] Received SIGTERM, shutting down.
2024-02-17 09:25:07+0100 [-] Stopping factory <buildbot_worker.pb.BotFactory object at 0x7f9764726610>
2024-02-17 09:25:07+0100 [-] Main loop terminated.
2024-02-17 09:25:07+0100 [-] Server Shut Down.
2024-02-17 09:27:18+0100 [-] Loading buildbot.tac...
2024-02-17 09:27:18+0100 [-] Loaded.
2024-02-17 09:27:18+0100 [-] twistd 23.10.0 (/home/mrx/Desktop/EXAMPLE2/source/bin/python3 3.11.2) starting up.
2024-02-17 09:27:18+0100 [-] reactor class: twisted.internet.epollreactor.EPollReactor.
2024-02-17 09:27:18+0100 [-] Starting Worker -- version: 3.11.0
2024-02-17 09:27:18+0100 [-] recording hostname in twistd.hostname
2024-02-17 09:27:18+0100 [-] Starting factory <buildbot_worker.pb.BotFactory object at 0x7f508f0e4bd0>
2024-02-17 09:27:18+0100 [Broker,client] message from master: attached
2024-02-17 09:27:18+0100 [Broker,client] message from master: attached
2024-02-17 09:27:18+0100 [Broker,client] Connected to buildmaster; worker is ready
2024-02-17 09:27:18+0100 [Broker,client] sending application-level keepalives every 600 seconds
2024-02-17 09:29:40+0100 [-] Received SIGTERM, shutting down.
2024-02-17 09:29:40+0100 [-] Stopping factory <buildbot_worker.pb.BotFactory object at 0x7f508f0e4bd0>
2024-02-17 09:29:40+0100 [-] Main loop terminated.
2024-02-17 09:29:40+0100 [-] Server Shut Down.
